<?xml version="1.0" encoding="UTF-8"?>
<!-- Generated by org.testng.reporters.JUnitReportReporter -->
<testsuite hostname="DESKTOP-DT8V14Q" name="com.fundoo.users.ForgotpasswordTest" tests="1" failures="0" timestamp="16 May 2020 06:46:27 GMT" time="32.545" errors="0">
  <testcase name="forgotPaswordTest" time="32.545" classname="com.fundoo.users.ForgotpasswordTest"/>
</testsuite> <!-- com.fundoo.users.ForgotpasswordTest -->
