<?xml version="1.0" encoding="UTF-8"?>
<!-- Generated by org.testng.reporters.JUnitReportReporter -->
<testsuite hostname="DESKTOP-DT8V14Q" name="com.fundoo.users.NotesTest" tests="1" failures="0" timestamp="22 May 2020 00:26:57 GMT" time="57.461" errors="0">
  <testcase name="archieveTest" time="57.461" classname="com.fundoo.users.NotesTest"/>
</testsuite> <!-- com.fundoo.users.NotesTest -->
