<?xml version="1.0" encoding="UTF-8"?>
<!-- Generated by org.testng.reporters.JUnitReportReporter -->
<testsuite hostname="DESKTOP-DT8V14Q" name="com.fundoo.users.ForgotpasswordTest" tests="1" failures="0" timestamp="21 May 2020 19:10:13 GMT" time="41.475" errors="0">
  <testcase name="forgotPaswordTest" time="41.475" classname="com.fundoo.users.ForgotpasswordTest"/>
</testsuite> <!-- com.fundoo.users.ForgotpasswordTest -->
