<?xml version="1.0" encoding="UTF-8"?>
<!-- Generated by org.testng.reporters.JUnitReportReporter -->
<testsuite hostname="DESKTOP-DT8V14Q" name="com.fundoo.users.RegistrationTest" tests="3" failures="0" timestamp="16 May 2020 06:44:40 GMT" time="32.137" errors="0">
  <testcase name="registerTest" time="9.454" classname="com.fundoo.users.RegistrationTest"/>
  <testcase name="registerTest" time="9.956" classname="com.fundoo.users.RegistrationTest"/>
  <testcase name="registerTest" time="12.727" classname="com.fundoo.users.RegistrationTest"/>
</testsuite> <!-- com.fundoo.users.RegistrationTest -->
