<?xml version="1.0" encoding="UTF-8"?>
<!-- Generated by org.testng.reporters.JUnitReportReporter -->
<testsuite hostname="DESKTOP-DT8V14Q" name="com.bridgelabz.fundoo.UsersTest" tests="1" failures="0" timestamp="13 May 2020 05:25:20 GMT" time="0.004" errors="0">
  <testcase name="testsearch" time="0.004" classname="com.bridgelabz.fundoo.UsersTest"/>
</testsuite> <!-- com.bridgelabz.fundoo.UsersTest -->
