<?xml version="1.0" encoding="UTF-8"?>
<!-- Generated by org.testng.reporters.JUnitReportReporter -->
<testsuite hostname="DESKTOP-DT8V14Q" name="com.fundoo.users.LabelTest" tests="1" failures="0" timestamp="22 May 2020 00:44:24 GMT" time="30.413" errors="0">
  <testcase name="deleteLabel" time="30.413" classname="com.fundoo.users.LabelTest"/>
</testsuite> <!-- com.fundoo.users.LabelTest -->
