<?xml version="1.0" encoding="UTF-8"?>
<!-- Generated by org.testng.reporters.JUnitReportReporter -->
<testsuite hostname="DESKTOP-DT8V14Q" name="com.fundoo.users.DashBoardTest" tests="1" failures="0" timestamp="20 May 2020 11:52:32 GMT" time="78.432" errors="0">
  <testcase name="Menu" time="78.432" classname="com.fundoo.users.DashBoardTest"/>
</testsuite> <!-- com.fundoo.users.DashBoardTest -->
