<?xml version="1.0" encoding="UTF-8"?>
<!-- Generated by org.testng.reporters.JUnitReportReporter -->
<testsuite hostname="DESKTOP-DT8V14Q" name="com.fundoo.users.Dashboard" tests="1" failures="0" timestamp="21 May 2020 21:56:43 GMT" time="74.113" errors="0">
  <testcase name="dashboardTest" time="74.113" classname="com.fundoo.users.Dashboard"/>
</testsuite> <!-- com.fundoo.users.Dashboard -->
