<?xml version="1.0" encoding="UTF-8"?>
<!-- Generated by org.testng.reporters.JUnitReportReporter -->
<testsuite hostname="DESKTOP-DT8V14Q" name="com.fundoo.users.ForgotpasswordTest" tests="1" failures="0" timestamp="15 May 2020 05:36:53 GMT" time="21.942" errors="0">
  <testcase name="forgotPaswordTest" time="21.942" classname="com.fundoo.users.ForgotpasswordTest"/>
</testsuite> <!-- com.fundoo.users.ForgotpasswordTest -->
