<?xml version="1.0" encoding="UTF-8"?>
<!-- Generated by org.testng.reporters.JUnitReportReporter -->
<testsuite hostname="DESKTOP-DT8V14Q" name="com.fundoo.users.LoginTest" tests="3" failures="0" timestamp="21 May 2020 08:41:42 GMT" time="70.252" errors="0">
  <testcase name="loginTest" time="30.124" classname="com.fundoo.users.LoginTest"/>
  <testcase name="loginTest" time="21.004" classname="com.fundoo.users.LoginTest"/>
  <testcase name="loginTest" time="19.124" classname="com.fundoo.users.LoginTest"/>
</testsuite> <!-- com.fundoo.users.LoginTest -->
